<?xml version="1.0" encoding="UTF-8"?>
<beans xmlns="http://www.springframework.org/schema/beans" xmlns:xsi="http://www.w3.org/2001/XMLSchema-instance"
	xmlns:util="http://www.springframework.org/schema/util"
	xsi:schemaLocation="
http://www.springframework.org/schema/beans http://www.springframework.org/schema/beans/spring-beans-3.1.xsd
http://www.springframework.org/schema/context http://www.springframework.org/schema/context/spring-context-3.1.xsd
http://www.springframework.org/schema/util http://www.springframework.org/schema/util/spring-util-3.1.xsd">
	<!-- import full -->
	<bean id="importFullJobDetail" class="org.springframework.scheduling.quartz.MethodInvokingJobDetailFactoryBean">
		<property name="targetObject" ref="eoemarketServiceImpl" />
		<property name="targetMethod" value="importFull" />
		<property name="concurrent" value="false" />
	</bean>
	<bean id="importFullSimpleTrigger" class="org.springframework.scheduling.quartz.SimpleTriggerFactoryBean">
		<!-- see the example of method invoking job above -->
		<property name="jobDetail" ref="importFullJobDetail" />
		<!-- 10 seconds -->
		<property name="startDelay" value="10000" />
	</bean>
	<!-- import increment -->
	<bean id="importIncrementJobDetail" class="org.springframework.scheduling.quartz.MethodInvokingJobDetailFactoryBean">
		<property name="targetObject" ref="eoemarketServiceImpl" />
		<property name="targetMethod" value="importIncrement" />
		<property name="concurrent" value="false" />
	</bean>
	<bean id="importIncrementSimpleTrigger" class="org.springframework.scheduling.quartz.SimpleTriggerFactoryBean">
		<!-- see the example of method invoking job above -->
		<property name="jobDetail" ref="importIncrementJobDetail" />
		<!-- 10 seconds -->
		<property name="startDelay" value="15
		000" />
	</bean>
	<bean class="org.springframework.scheduling.quartz.SchedulerFactoryBean">
		<property name="triggers">
			<list>
				<ref bean="importFullSimpleTrigger" />
				<ref bean="importIncrementSimpleTrigger" />
			</list>
		</property>
	</bean>
</beans>